2021-02-15 11:54:22 INFO  MessageClientHandler:41 - Размер загружаемого файла: 32 байт
2021-02-15 11:54:22 INFO  MessageClientHandler:51 - Путь для выгрузки файла: C:/Users/Андрей/Desktop/Cloud_Storage/Cloud_Storage/download/file.txt
2021-02-15 11:55:10 INFO  ChatServer:27 - Сервер запускается...
2021-02-15 11:55:10 INFO  ChatServer:31 - Сервер успешно запущен
2021-02-15 11:55:10 INFO  ChatServer:35 - Сервер ождидает подключения клиента...
2021-02-15 11:55:29 INFO  ChatServer:37 - Клиент успешно подключился. Сокет: Socket[addr=/127.0.0.1,port=62228,localport=7777]
2021-02-15 11:55:29 INFO  ChatServer:35 - Сервер ождидает подключения клиента...
2021-02-15 11:55:43 INFO  ChatServer:74 - Клиент null вышел из облака
2021-02-15 11:57:41 INFO  ChatServer:27 - Сервер запускается...
2021-02-15 11:57:41 INFO  ChatServer:31 - Сервер успешно запущен
2021-02-15 11:57:41 INFO  ChatServer:35 - Сервер ождидает подключения клиента...
2021-02-15 11:57:48 INFO  ChatServer:37 - Клиент успешно подключился. Сокет: Socket[addr=/127.0.0.1,port=62252,localport=7777]
2021-02-15 11:57:48 INFO  ChatServer:35 - Сервер ождидает подключения клиента...
2021-02-15 11:57:50 INFO  UserRepository:18 - Подключение к БД прошло успешно
2021-02-15 11:57:50 INFO  ClientHandler:189 - Сообщение отправленное с сервера клиенту: Не найден пользователь с таким email и паролем
2021-02-15 11:57:50 INFO  Client:55 - Не найден пользователь с таким email и паролем
2021-02-15 11:58:07 INFO  UserRepository:18 - Подключение к БД прошло успешно
2021-02-15 11:58:07 INFO  ClientHandler:189 - Сообщение отправленное с сервера клиенту: Не найден пользователь с таким email и паролем
2021-02-15 11:58:07 INFO  Client:55 - Не найден пользователь с таким email и паролем
2021-02-15 11:58:42 INFO  UserRepository:18 - Подключение к БД прошло успешно
2021-02-15 11:58:42 INFO  ClientHandler:189 - Сообщение отправленное с сервера клиенту: Аутентификация прошла успешно
2021-02-15 11:58:42 INFO  ChatServer:65 - Клиент andrei авторизовался
2021-02-15 11:58:42 INFO  ChatServer:97 - Создана папка C:\Users\Андрей\Desktop\Cloud_Storage\Cloud_Storage\ServerStorage\andrei
2021-02-15 11:58:42 INFO  Client:37 - Аутентификация прошла успешно
